#
# An unexpected error has been detected by Java Runtime Environment:
#
#  Internal Error (0xe06d7363), pid=5628, tid=5632
#
# Java VM: Java HotSpot(TM) Client VM (10.0-b19 mixed mode windows-x86)
# Problematic frame:
# C  [KERNELBASE.dll+0x9673]
#
# If you would like to submit a bug report, please visit:
#   http://java.sun.com/webapps/bugreport/crash.jsp
# The crash happened outside the Java Virtual Machine in native code.
# See problematic frame for where to report the bug.
#

---------------  T H R E A D  ---------------

Current thread (0x0655e400):  JavaThread "main" [_thread_in_native, id=5632, stack(0x00430000,0x00c30000)]

siginfo: ExceptionCode=0xe06d7363, ExceptionInformation=0x19930520 0x00c25e24 0x7b3972d4 

Registers:
EAX=0x00c1fd44, EBX=0x00000000, ECX=0x00000003, EDX=0x00000000
ESP=0x00c1fd44, EBP=0x00c1fd94, ESI=0x00c25de8, EDI=0x79407ab4
EIP=0x75b99673, EFLAGS=0x00200216

Top of Stack: (sp=0x00c1fd44)
0x00c1fd44:   e06d7363 00000001 00000000 75b99673
0x00c1fd54:   00000003 19930520 00c25e24 7b3972d4
0x00c1fd64:   2633eab8 0000001f 2633ea68 0000001f
0x00c1fd74:   00c1fd98 7132394d 2633eab8 0000001f
0x00c1fd84:   71323958 0000001f 00c25e08 00c25e44
0x00c1fd94:   00c1fdcc 712a8e89 e06d7363 00000001
0x00c1fda4:   00000003 00c1fdc0 e06d7363 00000001
0x00c1fdb4:   00000000 00000000 00000003 19930520 

Instructions: (pc=0x75b99673)
0x75b99663:   d1 ff ff 83 c4 0c 8d 45 b0 50 ff 15 5c 11 b9 75
0x75b99673:   c9 c2 10 00 89 45 c0 eb ed 90 90 90 90 90 8b ff 


Stack: [0x00430000,0x00c30000],  sp=0x00c1fd44,  free space=8127k
Native frames: (J=compiled Java code, j=interpreted, Vv=VM code, C=native code)
C  [KERNELBASE.dll+0x9673]
C  [MSVCR80.dll+0x28e89]
C  [libmx.dll+0x13bc9]
C  [libmx.dll+0x14218]
C  [jmi.dll+0x5b6c]
C  [jmi.dll+0x5bec]
C  [jmi.dll+0x6778]
C  0x7aeb2143
C  0x7aeb20d3
C  0x7aeb2227
C  [libmwservices.dll+0xb8bbd]
C  0x7878d717
C  0x78786d8a
C  0x78786e5f
C  0x7878ab54
C  0x7878a086
C  [mlutil.dll+0x1267f]
C  [mlutil.dll+0x1a0fd]
C  0x7878abea
v  ~BufferBlob::Interpreter
v  ~BufferBlob::Interpreter
v  ~BufferBlob::Interpreter
v  ~BufferBlob::Interpreter
v  ~BufferBlob::Interpreter
v  ~BufferBlob::Interpreter
v  ~BufferBlob::Interpreter
v  ~BufferBlob::Interpreter
v  ~BufferBlob::Interpreter
v  ~BufferBlob::Interpreter
v  ~BufferBlob::Interpreter
v  ~BufferBlob::Interpreter
v  ~BufferBlob::Interpreter
v  ~BufferBlob::Interpreter
v  ~BufferBlob::Interpreter
v  ~BufferBlob::Interpreter
v  ~BufferBlob::Interpreter
v  ~BufferBlob::StubRoutines (1)

Java frames: (J=compiled Java code, j=interpreted, Vv=VM code)
v  ~BufferBlob::Interpreter
v  ~BufferBlob::Interpreter
v  ~BufferBlob::Interpreter
v  ~BufferBlob::Interpreter
v  ~BufferBlob::Interpreter
v  ~BufferBlob::Interpreter
v  ~BufferBlob::Interpreter
v  ~BufferBlob::Interpreter
v  ~BufferBlob::Interpreter
v  ~BufferBlob::Interpreter
v  ~BufferBlob::Interpreter
v  ~BufferBlob::Interpreter
v  ~BufferBlob::Interpreter
v  ~BufferBlob::Interpreter
v  ~BufferBlob::Interpreter
v  ~BufferBlob::Interpreter
v  ~BufferBlob::Interpreter
v  ~BufferBlob::StubRoutines (1)

---------------  P R O C E S S  ---------------

Java Threads: ( => current thread )
  0x0cb09000 JavaThread "AWT-EventQueue-0" [_thread_blocked, id=4860, stack(0x0da80000,0x0db00000)]
  0x0cb08400 JavaThread "Thread-442" [_thread_blocked, id=1384, stack(0x05040000,0x050c0000)]
  0x0cb07800 JavaThread "Thread-432" [_thread_blocked, id=4888, stack(0x04ef0000,0x04f70000)]
  0x0cb06000 JavaThread "Thread-425" [_thread_blocked, id=4052, stack(0x04e70000,0x04ef0000)]
  0x0cb05c00 JavaThread "Thread-131" [_thread_blocked, id=5056, stack(0x04cc0000,0x04d40000)]
  0x0c6dcc00 JavaThread "Active Reference Queue Daemon" daemon [_thread_blocked, id=6108, stack(0x04c40000,0x04cc0000)]
  0x0c6de400 JavaThread "Timer-58" daemon [_thread_blocked, id=5708, stack(0x04bc0000,0x04c40000)]
  0x0c6dd000 JavaThread "Prefs Updater" [_thread_blocked, id=1500, stack(0x04a20000,0x04aa0000)]
  0x0c6dc000 JavaThread "Timer-3" daemon [_thread_blocked, id=5912, stack(0x0fc30000,0x0fcb0000)]
  0x0c8df800 JavaThread "TimerQueue" daemon [_thread_blocked, id=5868, stack(0x0e790000,0x0e810000)]
  0x0c29d800 JavaThread "AWT-Shutdown" [_thread_blocked, id=5856, stack(0x0e680000,0x0e700000)]
  0x0c890c00 JavaThread "AWT-Windows" daemon [_thread_in_native, id=5796, stack(0x0d400000,0x0d480000)]
  0x0c890400 JavaThread "Java2D Disposer" daemon [_thread_blocked, id=5788, stack(0x0d100000,0x0d180000)]
  0x0c286800 JavaThread "Timer-0" [_thread_blocked, id=5780, stack(0x0c400000,0x0c480000)]
  0x0c240400 JavaThread "JMI Unnamed Thread" [_thread_in_native, id=5696, stack(0x05220000,0x05a20000)]
  0x0862f000 JavaThread "Low Memory Detector" daemon [_thread_blocked, id=5768, stack(0x0b980000,0x0ba00000)]
  0x0862ac00 JavaThread "CompilerThread0" daemon [_thread_blocked, id=5764, stack(0x0b180000,0x0b980000)]
  0x08622c00 JavaThread "Attach Listener" daemon [_thread_blocked, id=5760, stack(0x0b100000,0x0b180000)]
  0x08611400 JavaThread "Finalizer" daemon [_thread_blocked, id=5756, stack(0x0b080000,0x0b100000)]
  0x0860cc00 JavaThread "Reference Handler" daemon [_thread_blocked, id=5752, stack(0x0b000000,0x0b080000)]
=>0x0655e400 JavaThread "main" [_thread_in_native, id=5632, stack(0x00430000,0x00c30000)]

Other Threads:
  0x08608800 VMThread [stack: 0x0a800000,0x0b000000] [id=5748]
  0x0864b000 WatcherThread [stack: 0x0ba00000,0x0c200000] [id=5772]

VM state:at safepoint (normal execution)

VM Mutex/Monitor currently owned by a thread:  ([mutex/lock_event])
[0x065570f8/0x000004fc] Threads_lock - owner thread: 0x08608800
[0x0858dd90/0x0000053c] Heap_lock - owner thread: 0x0cb09000

Heap
 def new generation   total 29504K, used 29503K [0x10010000, 0x12010000, 0x12010000)
  eden space 26240K, 100% used [0x10010000, 0x119b0000, 0x119b0000)
  from space 3264K,  99% used [0x119b0000, 0x11cdfff8, 0x11ce0000)
  to   space 3264K,   0% used [0x11ce0000, 0x11ce0000, 0x12010000)
 tenured generation   total 98304K, used 98303K [0x12010000, 0x18010000, 0x18010000)
   the space 98304K,  99% used [0x12010000, 0x1800fff0, 0x18010000, 0x18010000)
 compacting perm gen  total 32768K, used 31778K [0x18010000, 0x1a010000, 0x1c010000)
   the space 32768K,  96% used [0x18010000, 0x19f189a0, 0x19f18a00, 0x1a010000)
No shared spaces configured.

Dynamic libraries:
0x00400000 - 0x0042f000 	C:\Program Files\MATLAB\R2009a\bin\win32\MATLAB.exe
0x77ab0000 - 0x77bec000 	C:\Windows\SYSTEM32\ntdll.dll
0x77530000 - 0x77604000 	C:\Windows\system32\kernel32.dll
0x75b90000 - 0x75bda000 	C:\Windows\system32\KERNELBASE.dll
0x7b280000 - 0x7b34a000 	C:\Program Files\MATLAB\R2009a\bin\win32\libut.dll
0x77280000 - 0x772aa000 	C:\Windows\system32\imagehlp.dll
0x776f0000 - 0x7779c000 	C:\Windows\system32\msvcrt.dll
0x76340000 - 0x763e0000 	C:\Windows\system32\ADVAPI32.dll
0x771b0000 - 0x771c9000 	C:\Windows\SYSTEM32\sechost.dll
0x76290000 - 0x76331000 	C:\Windows\system32\RPCRT4.dll
0x77610000 - 0x77615000 	C:\Windows\system32\PSAPI.DLL
0x7bba0000 - 0x7bbbf000 	C:\Program Files\MATLAB\R2009a\bin\win32\LIBEXPAT.dll
0x71280000 - 0x7131b000 	C:\Windows\WinSxS\x86_microsoft.vc80.crt_1fc8b3b9a1e18e3b_8.0.50727.6195_none_d09154e044272b9a\MSVCR80.dll
0x7b6b0000 - 0x7b791000 	C:\Program Files\MATLAB\R2009a\bin\win32\icuuc38.dll
0x7ad90000 - 0x7ad94000 	C:\Program Files\MATLAB\R2009a\bin\win32\icudt38.dll
0x7ada0000 - 0x7adac000 	C:\Program Files\MATLAB\R2009a\bin\win32\icuio38.dll
0x7afe0000 - 0x7b0c4000 	C:\Program Files\MATLAB\R2009a\bin\win32\icuin38.dll
0x71320000 - 0x713a7000 	C:\Windows\WinSxS\x86_microsoft.vc80.crt_1fc8b3b9a1e18e3b_8.0.50727.6195_none_d09154e044272b9a\MSVCP80.dll
0x76440000 - 0x76509000 	C:\Windows\system32\USER32.dll
0x76140000 - 0x7618e000 	C:\Windows\system32\GDI32.dll
0x76280000 - 0x7628a000 	C:\Windows\system32\LPK.dll
0x771d0000 - 0x7726d000 	C:\Windows\system32\USP10.dll
0x782e0000 - 0x78317000 	C:\Program Files\MATLAB\R2009a\bin\win32\libmwfl.dll
0x10000000 - 0x1000e000 	C:\Program Files\MATLAB\R2009a\bin\win32\boost_date_time-vc80-mt-1_36.dll
0x00130000 - 0x00140000 	C:\Program Files\MATLAB\R2009a\bin\win32\boost_signals-vc80-mt-1_36.dll
0x00150000 - 0x00157000 	C:\Program Files\MATLAB\R2009a\bin\win32\boost_system-vc80-mt-1_36.dll
0x00170000 - 0x0017c000 	C:\Program Files\MATLAB\R2009a\bin\win32\boost_thread-vc80-mt-1_36.dll
0x7b3b0000 - 0x7b59a000 	C:\Program Files\MATLAB\R2009a\bin\win32\libmwservices.dll
0x7b350000 - 0x7b3aa000 	C:\Program Files\MATLAB\R2009a\bin\win32\libmx.dll
0x787a0000 - 0x787b3000 	C:\Program Files\MATLAB\R2009a\bin\win32\zlib1.dll
0x7b5a0000 - 0x7b6af000 	C:\Program Files\MATLAB\R2009a\bin\win32\libmwmathutil.dll
0x79510000 - 0x79543000 	C:\Program Files\MATLAB\R2009a\bin\win32\mpath.dll
0x001d0000 - 0x001ff000 	C:\Program Files\MATLAB\R2009a\bin\win32\mlutil.dll
0x00310000 - 0x00349000 	C:\Program Files\MATLAB\R2009a\bin\win32\tbb.dll
0x00350000 - 0x003d4000 	C:\Windows\WinSxS\x86_microsoft.windows.common-controls_6595b64144ccf1df_5.82.7600.16661_none_ebfb56996c72aefc\COMCTL32.dll
0x75f70000 - 0x75feb000 	C:\Windows\system32\comdlg32.dll
0x763e0000 - 0x76437000 	C:\Windows\system32\SHLWAPI.dll
0x76510000 - 0x77159000 	C:\Windows\system32\SHELL32.dll
0x734e0000 - 0x734f1000 	C:\Windows\system32\NETAPI32.dll
0x734d0000 - 0x734d9000 	C:\Windows\system32\netutils.dll
0x75210000 - 0x75229000 	C:\Windows\system32\srvcli.dll
0x734c0000 - 0x734cf000 	C:\Windows\system32\wkscli.dll
0x77bf0000 - 0x77c25000 	C:\Windows\system32\WS2_32.dll
0x77270000 - 0x77276000 	C:\Windows\system32\NSI.dll
0x79a80000 - 0x79ad3000 	C:\Program Files\MATLAB\R2009a\bin\win32\mcr.dll
0x7adb0000 - 0x7adeb000 	C:\Program Files\MATLAB\R2009a\bin\win32\iqm.dll
0x7a080000 - 0x7a558000 	C:\Program Files\MATLAB\R2009a\bin\win32\m_interpreter.dll
0x7ae00000 - 0x7ae0c000 	C:\Program Files\MATLAB\R2009a\bin\win32\libmex.dll
0x79960000 - 0x799b7000 	C:\Program Files\MATLAB\R2009a\bin\win32\m_dispatcher.dll
0x78670000 - 0x7868c000 	C:\Program Files\MATLAB\R2009a\bin\win32\datasvcs.dll
0x78df0000 - 0x78fb2000 	C:\Program Files\MATLAB\R2009a\bin\win32\xerces-c_2_7.dll
0x00c80000 - 0x00d1d000 	C:\Program Files\MATLAB\R2009a\bin\win32\boost_regex-vc80-mt-1_36.dll
0x79870000 - 0x798c7000 	C:\Program Files\MATLAB\R2009a\bin\win32\profiler.dll
0x7ae60000 - 0x7ae7e000 	C:\Program Files\MATLAB\R2009a\bin\win32\libmwmathrng.dll
0x78720000 - 0x78732000 	C:\Program Files\MATLAB\R2009a\bin\win32\m_pcodeio.dll
0x794d0000 - 0x79507000 	C:\Program Files\MATLAB\R2009a\bin\win32\m_ir.dll
0x79b60000 - 0x7a077000 	C:\Program Files\MATLAB\R2009a\bin\win32\m_parser.dll
0x7adf0000 - 0x7adfe000 	C:\Program Files\MATLAB\R2009a\bin\win32\ir_xfmr.dll
0x78320000 - 0x78468000 	C:\Program Files\MATLAB\R2009a\bin\win32\mcos.dll
0x7aea0000 - 0x7aeaa000 	C:\Program Files\MATLAB\R2009a\bin\win32\mtok.dll
0x78700000 - 0x78716000 	C:\Program Files\MATLAB\R2009a\bin\win32\m_pcodegen.dll
0x78650000 - 0x7866b000 	C:\Program Files\MATLAB\R2009a\bin\win32\bridge.dll
0x7aae0000 - 0x7ab64000 	C:\Program Files\MATLAB\R2009a\bin\win32\udd.dll
0x7b7a0000 - 0x7b89b000 	C:\Program Files\MATLAB\R2009a\bin\win32\libmwgui.dll
0x78800000 - 0x789f1000 	C:\Program Files\MATLAB\R2009a\bin\win32\hg.dll
0x78690000 - 0x786b2000 	C:\Program Files\MATLAB\R2009a\bin\win32\libmat.dll
0x7b0d0000 - 0x7b275000 	C:\Program Files\MATLAB\R2009a\bin\win32\libhdf5.dll
0x793e0000 - 0x7941e000 	C:\Program Files\MATLAB\R2009a\bin\win32\jmi.dll
0x790f0000 - 0x7911c000 	C:\Program Files\MATLAB\R2009a\bin\win32\libmwhardcopy.dll
0x79490000 - 0x794c7000 	C:\Program Files\MATLAB\R2009a\bin\win32\libuij.dll
0x78d50000 - 0x78de5000 	C:\Program Files\MATLAB\R2009a\bin\win32\libmwmathlinalg.dll
0x78a60000 - 0x78d42000 	C:\Program Files\MATLAB\R2009a\bin\win32\libmwmathelem.dll
0x78a00000 - 0x78a52000 	C:\Program Files\MATLAB\R2009a\bin\win32\libmwmathcore.dll
0x798d0000 - 0x79917000 	C:\Program Files\MATLAB\R2009a\bin\win32\libmwcholmod.dll
0x7ae10000 - 0x7ae1a000 	C:\Program Files\MATLAB\R2009a\bin\win32\libmwamd.dll
0x7ae40000 - 0x7ae49000 	C:\Program Files\MATLAB\R2009a\bin\win32\libmwcolamd.dll
0x7ae30000 - 0x7ae3d000 	C:\Program Files\MATLAB\R2009a\bin\win32\libmwblas.dll
0x7ae20000 - 0x7ae2c000 	C:\Program Files\MATLAB\R2009a\bin\win32\libmwbinder.dll
0x786c0000 - 0x786f8000 	C:\Program Files\MATLAB\R2009a\bin\win32\libmwlapack.dll
0x00ee0000 - 0x00f15000 	C:\Program Files\MATLAB\R2009a\bin\win32\libmwrookfastbp.dll
0x79120000 - 0x7915c000 	C:\Program Files\MATLAB\R2009a\bin\win32\libmwma57.dll
0x7aef0000 - 0x7afd9000 	C:\Program Files\MATLAB\R2009a\bin\win32\libifcoremd.dll
0x79550000 - 0x79813000 	C:\Program Files\MATLAB\R2009a\bin\win32\libmmd.dll
0x7ae50000 - 0x7ae5c000 	C:\Program Files\MATLAB\R2009a\bin\win32\libmwcsparse.dll
0x79a20000 - 0x79a73000 	C:\Program Files\MATLAB\R2009a\bin\win32\libmwumfpack.dll
0x00f60000 - 0x01007000 	C:\Program Files\MATLAB\R2009a\bin\win32\hgdatatypes.dll
0x7ab70000 - 0x7ad89000 	C:\Program Files\MATLAB\R2009a\bin\win32\uiw.dll
0x7aee0000 - 0x7aee9000 	C:\Program Files\MATLAB\R2009a\bin\win32\uinone.dll
0x01040000 - 0x0114f000 	C:\Windows\WinSxS\x86_microsoft.vc80.mfc_1fc8b3b9a1e18e3b_8.0.50727.6195_none_cbf5e994470a1a8f\MFC80.DLL
0x01150000 - 0x011a1000 	C:\Windows\system32\WINSPOOL.DRV
0x772b0000 - 0x7740c000 	C:\Windows\system32\ole32.dll
0x77940000 - 0x779cf000 	C:\Windows\system32\OLEAUT32.dll
0x79ae0000 - 0x79b55000 	C:\Program Files\MATLAB\R2009a\bin\win32\udd_mi.dll
0x78740000 - 0x78753000 	C:\Program Files\MATLAB\R2009a\bin\win32\mwoles05.DLL
0x79820000 - 0x79864000 	C:\Program Files\MATLAB\R2009a\bin\win32\comcli.dll
0x011e0000 - 0x011fb000 	C:\Windows\WinSxS\x86_microsoft.vc80.atl_1fc8b3b9a1e18e3b_8.0.50727.6195_none_d1cb102c435421de\ATL80.DLL
0x7ae90000 - 0x7ae9b000 	C:\Program Files\MATLAB\R2009a\bin\win32\mlautoregister.dll
0x76110000 - 0x7612f000 	C:\Windows\system32\IMM32.DLL
0x77620000 - 0x776ec000 	C:\Windows\system32\MSCTF.dll
0x014d0000 - 0x014dc000 	C:\Windows\WinSxS\x86_microsoft.vc80.mfcloc_1fc8b3b9a1e18e3b_8.0.50727.6195_none_03ce2c72205943d3\MFC80JPN.DLL
0x753c0000 - 0x753cb000 	C:\Windows\system32\profapi.dll
0x75340000 - 0x7534c000 	C:\Windows\system32\CRYPTBASE.dll
0x73ff0000 - 0x74030000 	C:\Windows\system32\uxtheme.dll
0x03400000 - 0x0343d000 	C:\PROGRA~1\JWord\Plugin2\jwdsrch.dll
0x77410000 - 0x7752b000 	C:\Windows\system32\WININET.dll
0x76130000 - 0x76133000 	C:\Windows\system32\Normaliz.dll
0x75db0000 - 0x75f68000 	C:\Windows\system32\iertutil.dll
0x75ff0000 - 0x76101000 	C:\Windows\system32\urlmon.dll
0x74880000 - 0x74889000 	C:\Windows\system32\VERSION.dll
0x740a0000 - 0x7423e000 	C:\Windows\WinSxS\x86_microsoft.windows.common-controls_6595b64144ccf1df_6.0.7600.16661_none_420fe3fa2b8113bd\comctl32.dll
0x777a0000 - 0x7793d000 	C:\Windows\system32\SETUPAPI.dll
0x75b30000 - 0x75b57000 	C:\Windows\system32\CFGMGR32.dll
0x75d90000 - 0x75da2000 	C:\Windows\system32\DEVOBJ.dll
0x76190000 - 0x76213000 	C:\Windows\system32\CLBCatQ.DLL
0x74240000 - 0x74335000 	C:\Windows\system32\propsys.dll
0x74740000 - 0x74761000 	C:\Windows\system32\ntmarta.dll
0x77160000 - 0x771a5000 	C:\Windows\system32\WLDAP32.dll
0x03450000 - 0x03453000 	C:\Windows\system32\icmp.Dll
0x73900000 - 0x7391c000 	C:\Windows\system32\iphlpapi.DLL
0x738d0000 - 0x738d7000 	C:\Windows\system32\WINNSI.DLL
0x752d0000 - 0x752ea000 	C:\Windows\system32\SspiCli.dll
0x744f0000 - 0x74500000 	C:\Windows\system32\NLAapi.dll
0x74e00000 - 0x74e3c000 	C:\Windows\System32\mswsock.dll
0x74cc0000 - 0x74d04000 	C:\Windows\system32\DNSAPI.dll
0x034c0000 - 0x034c8000 	C:\Windows\System32\winrnr.dll
0x035d0000 - 0x035e0000 	C:\Windows\system32\napinsp.dll
0x03760000 - 0x03772000 	C:\Windows\system32\pnrpnsp.dll
0x037b0000 - 0x037d7000 	C:\Program Files\Common Files\Microsoft Shared\Windows Live\WLIDNSP.DLL

VM Arguments:
jvm_args: -Xss512k -XX:PermSize=32m -Xms64m -XX:NewRatio=3 -XX:MaxPermSize=64m -Xmx128m -XX:MaxDirectMemorySize=1200000000 -Dsun.java2d.noddraw=true -Dsun.awt.nopixfmt=true -Xshare:off -Xrs -Djava.library.path=C:\Program Files\MATLAB\R2009a\bin\win32 vfprintf abort 
java_command: <unknown>
Launcher Type: generic

Environment Variables:
CLASSPATH=.;C:\Program Files\Java\jre7\lib\ext\QTJava.zip
PATH=C:\Tcl\bin;C:\Program Files\Common Files\Microsoft Shared\Windows Live;C:\Windows\system32;C:\Windows;C:\Windows\System32\Wbem;C:\Windows\System32\WindowsPowerShell\v1.0\;c:\Program Files\Microsoft SQL Server\90\Tools\binn\;C:\Program Files\TortoiseSVN\bin;C:\atad\Research\Kinect\libfreenect\freenect_common_lib;C:\atad\Research\Kinect\libfreenect\freenect_common_lib\camera;C:\atad\Research\Kinect\libfreenect\freenect_common_lib\audio;C:\atad\Research\Kinect\libfreenect\freenect_common_lib\motor;C:\OpenCV2.1\bin;C:\Program Files\Windows Live\Shared;C:\Program Files\Microsoft Research KinectSDK\;C:\Program Files\MATLAB\R2009a\bin;C:\Program Files\MATLAB\R2009a\bin\win32;C:\w32tex\bin;C:\gs\gs9.04\bin;C:\gs\gs9.04\lib;C:\Program Files\QuickTime\QTSystem\;C:\Program Files\OpenCV\bin;C:\OpenCV2.1\build\bin\Debug;C:\OpenCV2.1\build\bin\Release;C:\OpenCV2.1\bin\ia32\vc9
USERNAME=ohtalab
OS=Windows_NT
PROCESSOR_IDENTIFIER=x86 Family 6 Model 37 Stepping 5, GenuineIntel



---------------  S Y S T E M  ---------------

OS: Windows NT 6.1 Build 7600 

CPU:total 4 (8 cores per cpu, 2 threads per core) family 6 model 5 stepping 5, cmov, cx8, fxsr, mmx, sse, sse2, sse3, ssse3, ht

Memory: 4k page, physical 1825872k(190976k free), swap 3808416k(383168k free)

vm_info: Java HotSpot(TM) Client VM (10.0-b19) for windows-x86 JRE (1.6.0_04-b12), built on Dec 14 2007 00:51:20 by "java_re" with MS VC++ 7.1

time: Sun Jul 22 16:09:35 2012
elapsed time: 12656 seconds

